Arguments: 
  /usr/bin/node /usr/local/bin/yarn add -D @wasm-tool/wasm-pack-plugin copy-webpack-plugin css-loader sass sass-loader style-loader wasm-pack webpack webpack-cli webpack-dev-server

PATH: 
  /home/paul/.cargo/bin:/usr/sbin:/sbin:/usr/local/bin:/usr/bin:/bin:/usr/local/games:/usr/games

Yarn version: 
  1.22.10

Node version: 
  10.24.0

Platform: 
  linux x64

Trace: 
  SyntaxError: /home/paul/dev/rocket-juniper-yew/web/package.json: Unexpected end of JSON input
      at JSON.parse (<anonymous>)
      at /usr/local/lib/node_modules/yarn/lib/cli.js:1625:59
      at Generator.next (<anonymous>)
      at step (/usr/local/lib/node_modules/yarn/lib/cli.js:310:30)
      at /usr/local/lib/node_modules/yarn/lib/cli.js:321:13

npm manifest: 
  

yarn manifest: 
  No manifest

Lockfile: 
  No lockfile
